<?xml version="1.0" encoding="UTF-8"?>
<!-- Generated by org.testng.reporters.JUnitXMLReporter -->
<testsuite hostname="DESKTOP-UP9OPUK" name="TestNew" tests="4" failures="0" timestamp="24 Sep 2017 17:50:57 GMT" time="92.092" errors="0">
  <testcase name="loginLogOut" time="11.36" classname="testCases.TC002"/>
  <testcase name="loginLogOut" time="14.26" classname="testCases.TC002"/>
  <testcase name="loginLogOut" time="8.012" classname="testCases.TC001"/>
  <testcase name="loginLogOut" time="31.143" classname="testCases.TC001"/>
</testsuite> <!-- TestNew -->
