<?xml version="1.0" encoding="UTF-8"?>
<!-- Generated by org.testng.reporters.JUnitXMLReporter -->
<testsuite hostname="DESKTOP-UP9OPUK" name="Test" tests="2" failures="0" timestamp="24 Sep 2017 21:55:13 GMT" time="0.067" errors="0">
  <testcase name="loginLogOut" time="0.0" classname="testCases.TC002">
    <skipped/>
  </testcase> <!-- loginLogOut -->
  <testcase name="loginLogOut" time="0.0" classname="testCases.TC001">
    <skipped/>
  </testcase> <!-- loginLogOut -->
</testsuite> <!-- Test -->
